----------------------------------------------------------------
Tue Feb 08 11:34:42 MST 2022:
Booting Derby version The Apache Software Foundation - Apache Derby - 10.15.2.0 - (1873585): instance a816c00e-017e-da9d-d06c-000009cdc1c0 
on database directory C:\Users\Renar\Desktop\StudyEngine(java)\dbstudyengine with class loader jdk.internal.loader.ClassLoaders$AppClassLoader@6267c3bb 
Loaded from file:/C:/Users/Renar/Desktop/Derby/lib/derby.jar
java.vendor=Oracle Corporation
java.runtime.version=13.0.1+9
user.dir=C:\Users\Renar\Desktop\StudyEngine(java)
os.name=Windows 10
os.arch=amd64
os.version=10.0
derby.system.home=null
Database Class Loader started - derby.database.classpath=''
----------------------------------------------------------------
Tue Feb 08 11:34:43 MST 2022:
Shutting down instance a816c00e-017e-da9d-d06c-000009cdc1c0 on database directory C:\Users\Renar\Desktop\StudyEngine(java)\dbstudyengine with class loader jdk.internal.loader.ClassLoaders$AppClassLoader@6267c3bb 
----------------------------------------------------------------
Tue Feb 08 11:34:43 MST 2022:
Booting Derby version The Apache Software Foundation - Apache Derby - 10.15.2.0 - (1873585): instance 6839c016-017e-da9d-d06c-000009cdc1c0 
on database directory C:\Users\Renar\Desktop\StudyEngine(java)\dbstudyengine with class loader jdk.internal.loader.ClassLoaders$AppClassLoader@6267c3bb 
Loaded from file:/C:/Users/Renar/Desktop/Derby/lib/derby.jar
java.vendor=Oracle Corporation
java.runtime.version=13.0.1+9
user.dir=C:\Users\Renar\Desktop\StudyEngine(java)
os.name=Windows 10
os.arch=amd64
os.version=10.0
derby.system.home=null
Database Class Loader started - derby.database.classpath=''
----------------------------------------------------------------
Tue Feb 08 11:34:43 MST 2022:
Shutting down instance 6839c016-017e-da9d-d06c-000009cdc1c0 on database directory C:\Users\Renar\Desktop\StudyEngine(java)\dbstudyengine with class loader jdk.internal.loader.ClassLoaders$AppClassLoader@6267c3bb 
----------------------------------------------------------------
Tue Feb 08 11:34:44 MST 2022:
Booting Derby version The Apache Software Foundation - Apache Derby - 10.15.2.0 - (1873585): instance 286cc01e-017e-da9d-d06c-000009cdc1c0 
on database directory C:\Users\Renar\Desktop\StudyEngine(java)\dbstudyengine with class loader jdk.internal.loader.ClassLoaders$AppClassLoader@6267c3bb 
Loaded from file:/C:/Users/Renar/Desktop/Derby/lib/derby.jar
java.vendor=Oracle Corporation
java.runtime.version=13.0.1+9
user.dir=C:\Users\Renar\Desktop\StudyEngine(java)
os.name=Windows 10
os.arch=amd64
os.version=10.0
derby.system.home=null
Database Class Loader started - derby.database.classpath=''
----------------------------------------------------------------
Tue Feb 08 11:34:44 MST 2022:
Shutting down instance 286cc01e-017e-da9d-d06c-000009cdc1c0 on database directory C:\Users\Renar\Desktop\StudyEngine(java)\dbstudyengine with class loader jdk.internal.loader.ClassLoaders$AppClassLoader@6267c3bb 
----------------------------------------------------------------
Tue Feb 08 11:34:44 MST 2022:
Booting Derby version The Apache Software Foundation - Apache Derby - 10.15.2.0 - (1873585): instance e8afc026-017e-da9d-d06c-000009cdc1c0 
on database directory C:\Users\Renar\Desktop\StudyEngine(java)\dbstudyengine with class loader jdk.internal.loader.ClassLoaders$AppClassLoader@6267c3bb 
Loaded from file:/C:/Users/Renar/Desktop/Derby/lib/derby.jar
java.vendor=Oracle Corporation
java.runtime.version=13.0.1+9
user.dir=C:\Users\Renar\Desktop\StudyEngine(java)
os.name=Windows 10
os.arch=amd64
os.version=10.0
derby.system.home=null
Database Class Loader started - derby.database.classpath=''
----------------------------------------------------------------
Tue Feb 08 11:34:45 MST 2022:
Shutting down instance e8afc026-017e-da9d-d06c-000009cdc1c0 on database directory C:\Users\Renar\Desktop\StudyEngine(java)\dbstudyengine with class loader jdk.internal.loader.ClassLoaders$AppClassLoader@6267c3bb 
----------------------------------------------------------------
Tue Feb 08 11:34:48 MST 2022:
Booting Derby version The Apache Software Foundation - Apache Derby - 10.15.2.0 - (1873585): instance a902c02e-017e-da9d-d06c-000009cdc1c0 
on database directory C:\Users\Renar\Desktop\StudyEngine(java)\dbstudyengine with class loader jdk.internal.loader.ClassLoaders$AppClassLoader@6267c3bb 
Loaded from file:/C:/Users/Renar/Desktop/Derby/lib/derby.jar
java.vendor=Oracle Corporation
java.runtime.version=13.0.1+9
user.dir=C:\Users\Renar\Desktop\StudyEngine(java)
os.name=Windows 10
os.arch=amd64
os.version=10.0
derby.system.home=null
Database Class Loader started - derby.database.classpath=''
----------------------------------------------------------------
Tue Feb 08 11:34:48 MST 2022:
Shutting down instance a902c02e-017e-da9d-d06c-000009cdc1c0 on database directory C:\Users\Renar\Desktop\StudyEngine(java)\dbstudyengine with class loader jdk.internal.loader.ClassLoaders$AppClassLoader@6267c3bb 
----------------------------------------------------------------
Tue Feb 08 11:34:48 MST 2022:
Booting Derby version The Apache Software Foundation - Apache Derby - 10.15.2.0 - (1873585): instance 6965c036-017e-da9d-d06c-000009cdc1c0 
on database directory C:\Users\Renar\Desktop\StudyEngine(java)\dbstudyengine with class loader jdk.internal.loader.ClassLoaders$AppClassLoader@6267c3bb 
Loaded from file:/C:/Users/Renar/Desktop/Derby/lib/derby.jar
java.vendor=Oracle Corporation
java.runtime.version=13.0.1+9
user.dir=C:\Users\Renar\Desktop\StudyEngine(java)
os.name=Windows 10
os.arch=amd64
os.version=10.0
derby.system.home=null
Database Class Loader started - derby.database.classpath=''
----------------------------------------------------------------
Tue Feb 08 11:34:48 MST 2022:
Shutting down instance 6965c036-017e-da9d-d06c-000009cdc1c0 on database directory C:\Users\Renar\Desktop\StudyEngine(java)\dbstudyengine with class loader jdk.internal.loader.ClassLoaders$AppClassLoader@6267c3bb 
----------------------------------------------------------------
Tue Feb 08 11:34:48 MST 2022:
Booting Derby version The Apache Software Foundation - Apache Derby - 10.15.2.0 - (1873585): instance 29d8c03e-017e-da9d-d06c-000009cdc1c0 
on database directory C:\Users\Renar\Desktop\StudyEngine(java)\dbstudyengine with class loader jdk.internal.loader.ClassLoaders$AppClassLoader@6267c3bb 
Loaded from file:/C:/Users/Renar/Desktop/Derby/lib/derby.jar
java.vendor=Oracle Corporation
java.runtime.version=13.0.1+9
user.dir=C:\Users\Renar\Desktop\StudyEngine(java)
os.name=Windows 10
os.arch=amd64
os.version=10.0
derby.system.home=null
Database Class Loader started - derby.database.classpath=''
----------------------------------------------------------------
Tue Feb 08 11:34:48 MST 2022:
Shutting down instance 29d8c03e-017e-da9d-d06c-000009cdc1c0 on database directory C:\Users\Renar\Desktop\StudyEngine(java)\dbstudyengine with class loader jdk.internal.loader.ClassLoaders$AppClassLoader@6267c3bb 
----------------------------------------------------------------
Tue Feb 08 11:34:51 MST 2022:
Booting Derby version The Apache Software Foundation - Apache Derby - 10.15.2.0 - (1873585): instance ea5bc046-017e-da9d-d06c-000009cdc1c0 
on database directory C:\Users\Renar\Desktop\StudyEngine(java)\dbstudyengine with class loader jdk.internal.loader.ClassLoaders$AppClassLoader@6267c3bb 
Loaded from file:/C:/Users/Renar/Desktop/Derby/lib/derby.jar
java.vendor=Oracle Corporation
java.runtime.version=13.0.1+9
user.dir=C:\Users\Renar\Desktop\StudyEngine(java)
os.name=Windows 10
os.arch=amd64
os.version=10.0
derby.system.home=null
Database Class Loader started - derby.database.classpath=''
----------------------------------------------------------------
Tue Feb 08 11:34:51 MST 2022:
Shutting down instance ea5bc046-017e-da9d-d06c-000009cdc1c0 on database directory C:\Users\Renar\Desktop\StudyEngine(java)\dbstudyengine with class loader jdk.internal.loader.ClassLoaders$AppClassLoader@6267c3bb 
----------------------------------------------------------------
Tue Feb 08 11:34:51 MST 2022:
Booting Derby version The Apache Software Foundation - Apache Derby - 10.15.2.0 - (1873585): instance aaeec04e-017e-da9d-d06c-000009cdc1c0 
on database directory C:\Users\Renar\Desktop\StudyEngine(java)\dbstudyengine with class loader jdk.internal.loader.ClassLoaders$AppClassLoader@6267c3bb 
Loaded from file:/C:/Users/Renar/Desktop/Derby/lib/derby.jar
java.vendor=Oracle Corporation
java.runtime.version=13.0.1+9
user.dir=C:\Users\Renar\Desktop\StudyEngine(java)
os.name=Windows 10
os.arch=amd64
os.version=10.0
derby.system.home=null
Database Class Loader started - derby.database.classpath=''
----------------------------------------------------------------
Tue Feb 08 11:34:51 MST 2022:
Shutting down instance aaeec04e-017e-da9d-d06c-000009cdc1c0 on database directory C:\Users\Renar\Desktop\StudyEngine(java)\dbstudyengine with class loader jdk.internal.loader.ClassLoaders$AppClassLoader@6267c3bb 
----------------------------------------------------------------
Tue Feb 08 11:34:51 MST 2022:
Booting Derby version The Apache Software Foundation - Apache Derby - 10.15.2.0 - (1873585): instance 6b91c056-017e-da9d-d06c-000009cdc1c0 
on database directory C:\Users\Renar\Desktop\StudyEngine(java)\dbstudyengine with class loader jdk.internal.loader.ClassLoaders$AppClassLoader@6267c3bb 
Loaded from file:/C:/Users/Renar/Desktop/Derby/lib/derby.jar
java.vendor=Oracle Corporation
java.runtime.version=13.0.1+9
user.dir=C:\Users\Renar\Desktop\StudyEngine(java)
os.name=Windows 10
os.arch=amd64
os.version=10.0
derby.system.home=null
Database Class Loader started - derby.database.classpath=''
----------------------------------------------------------------
Tue Feb 08 11:34:51 MST 2022:
Shutting down instance 6b91c056-017e-da9d-d06c-000009cdc1c0 on database directory C:\Users\Renar\Desktop\StudyEngine(java)\dbstudyengine with class loader jdk.internal.loader.ClassLoaders$AppClassLoader@6267c3bb 
----------------------------------------------------------------
Tue Feb 08 11:34:54 MST 2022:
Booting Derby version The Apache Software Foundation - Apache Derby - 10.15.2.0 - (1873585): instance 2c44c05e-017e-da9d-d06c-000009cdc1c0 
on database directory C:\Users\Renar\Desktop\StudyEngine(java)\dbstudyengine with class loader jdk.internal.loader.ClassLoaders$AppClassLoader@6267c3bb 
Loaded from file:/C:/Users/Renar/Desktop/Derby/lib/derby.jar
java.vendor=Oracle Corporation
java.runtime.version=13.0.1+9
user.dir=C:\Users\Renar\Desktop\StudyEngine(java)
os.name=Windows 10
os.arch=amd64
os.version=10.0
derby.system.home=null
Database Class Loader started - derby.database.classpath=''
----------------------------------------------------------------
Tue Feb 08 11:34:54 MST 2022:
Shutting down instance 2c44c05e-017e-da9d-d06c-000009cdc1c0 on database directory C:\Users\Renar\Desktop\StudyEngine(java)\dbstudyengine with class loader jdk.internal.loader.ClassLoaders$AppClassLoader@6267c3bb 
----------------------------------------------------------------
Tue Feb 08 11:34:54 MST 2022:
Booting Derby version The Apache Software Foundation - Apache Derby - 10.15.2.0 - (1873585): instance ed07c066-017e-da9d-d06c-000009cdc1c0 
on database directory C:\Users\Renar\Desktop\StudyEngine(java)\dbstudyengine with class loader jdk.internal.loader.ClassLoaders$AppClassLoader@6267c3bb 
Loaded from file:/C:/Users/Renar/Desktop/Derby/lib/derby.jar
java.vendor=Oracle Corporation
java.runtime.version=13.0.1+9
user.dir=C:\Users\Renar\Desktop\StudyEngine(java)
os.name=Windows 10
os.arch=amd64
os.version=10.0
derby.system.home=null
Database Class Loader started - derby.database.classpath=''
----------------------------------------------------------------
Tue Feb 08 11:34:54 MST 2022:
Shutting down instance ed07c066-017e-da9d-d06c-000009cdc1c0 on database directory C:\Users\Renar\Desktop\StudyEngine(java)\dbstudyengine with class loader jdk.internal.loader.ClassLoaders$AppClassLoader@6267c3bb 
----------------------------------------------------------------
Tue Feb 08 11:34:54 MST 2022:
Booting Derby version The Apache Software Foundation - Apache Derby - 10.15.2.0 - (1873585): instance addac06e-017e-da9d-d06c-000009cdc1c0 
on database directory C:\Users\Renar\Desktop\StudyEngine(java)\dbstudyengine with class loader jdk.internal.loader.ClassLoaders$AppClassLoader@6267c3bb 
Loaded from file:/C:/Users/Renar/Desktop/Derby/lib/derby.jar
java.vendor=Oracle Corporation
java.runtime.version=13.0.1+9
user.dir=C:\Users\Renar\Desktop\StudyEngine(java)
os.name=Windows 10
os.arch=amd64
os.version=10.0
derby.system.home=null
Database Class Loader started - derby.database.classpath=''
----------------------------------------------------------------
Tue Feb 08 11:34:54 MST 2022:
Shutting down instance addac06e-017e-da9d-d06c-000009cdc1c0 on database directory C:\Users\Renar\Desktop\StudyEngine(java)\dbstudyengine with class loader jdk.internal.loader.ClassLoaders$AppClassLoader@6267c3bb 
----------------------------------------------------------------
Tue Feb 08 11:34:54 MST 2022:
Booting Derby version The Apache Software Foundation - Apache Derby - 10.15.2.0 - (1873585): instance 6ebdc076-017e-da9d-d06c-000009cdc1c0 
on database directory C:\Users\Renar\Desktop\StudyEngine(java)\dbstudyengine with class loader jdk.internal.loader.ClassLoaders$AppClassLoader@6267c3bb 
Loaded from file:/C:/Users/Renar/Desktop/Derby/lib/derby.jar
java.vendor=Oracle Corporation
java.runtime.version=13.0.1+9
user.dir=C:\Users\Renar\Desktop\StudyEngine(java)
os.name=Windows 10
os.arch=amd64
os.version=10.0
derby.system.home=null
Database Class Loader started - derby.database.classpath=''
----------------------------------------------------------------
Tue Feb 08 11:34:54 MST 2022:
Shutting down instance 6ebdc076-017e-da9d-d06c-000009cdc1c0 on database directory C:\Users\Renar\Desktop\StudyEngine(java)\dbstudyengine with class loader jdk.internal.loader.ClassLoaders$AppClassLoader@6267c3bb 
----------------------------------------------------------------
Tue Feb 08 11:35:00 MST 2022:
Booting Derby version The Apache Software Foundation - Apache Derby - 10.15.2.0 - (1873585): instance 2fb0c07e-017e-da9d-d06c-000009cdc1c0 
on database directory C:\Users\Renar\Desktop\StudyEngine(java)\dbstudyengine with class loader jdk.internal.loader.ClassLoaders$AppClassLoader@6267c3bb 
Loaded from file:/C:/Users/Renar/Desktop/Derby/lib/derby.jar
java.vendor=Oracle Corporation
java.runtime.version=13.0.1+9
user.dir=C:\Users\Renar\Desktop\StudyEngine(java)
os.name=Windows 10
os.arch=amd64
os.version=10.0
derby.system.home=null
Database Class Loader started - derby.database.classpath=''
----------------------------------------------------------------
Tue Feb 08 11:35:00 MST 2022:
Shutting down instance 2fb0c07e-017e-da9d-d06c-000009cdc1c0 on database directory C:\Users\Renar\Desktop\StudyEngine(java)\dbstudyengine with class loader jdk.internal.loader.ClassLoaders$AppClassLoader@6267c3bb 
----------------------------------------------------------------
Tue Feb 08 11:35:00 MST 2022:
Booting Derby version The Apache Software Foundation - Apache Derby - 10.15.2.0 - (1873585): instance f0b3c086-017e-da9d-d06c-000009cdc1c0 
on database directory C:\Users\Renar\Desktop\StudyEngine(java)\dbstudyengine with class loader jdk.internal.loader.ClassLoaders$AppClassLoader@6267c3bb 
Loaded from file:/C:/Users/Renar/Desktop/Derby/lib/derby.jar
java.vendor=Oracle Corporation
java.runtime.version=13.0.1+9
user.dir=C:\Users\Renar\Desktop\StudyEngine(java)
os.name=Windows 10
os.arch=amd64
os.version=10.0
derby.system.home=null
Database Class Loader started - derby.database.classpath=''
----------------------------------------------------------------
Tue Feb 08 11:35:00 MST 2022:
Shutting down instance f0b3c086-017e-da9d-d06c-000009cdc1c0 on database directory C:\Users\Renar\Desktop\StudyEngine(java)\dbstudyengine with class loader jdk.internal.loader.ClassLoaders$AppClassLoader@6267c3bb 
----------------------------------------------------------------
Tue Feb 08 11:35:00 MST 2022:
Booting Derby version The Apache Software Foundation - Apache Derby - 10.15.2.0 - (1873585): instance b1c6c08e-017e-da9d-d06c-000009cdc1c0 
on database directory C:\Users\Renar\Desktop\StudyEngine(java)\dbstudyengine with class loader jdk.internal.loader.ClassLoaders$AppClassLoader@6267c3bb 
Loaded from file:/C:/Users/Renar/Desktop/Derby/lib/derby.jar
java.vendor=Oracle Corporation
java.runtime.version=13.0.1+9
user.dir=C:\Users\Renar\Desktop\StudyEngine(java)
os.name=Windows 10
os.arch=amd64
os.version=10.0
derby.system.home=null
Database Class Loader started - derby.database.classpath=''
----------------------------------------------------------------
Tue Feb 08 11:35:00 MST 2022:
Shutting down instance b1c6c08e-017e-da9d-d06c-000009cdc1c0 on database directory C:\Users\Renar\Desktop\StudyEngine(java)\dbstudyengine with class loader jdk.internal.loader.ClassLoaders$AppClassLoader@6267c3bb 
----------------------------------------------------------------
Tue Feb 08 11:35:04 MST 2022:
Booting Derby version The Apache Software Foundation - Apache Derby - 10.15.2.0 - (1873585): instance 72e9c096-017e-da9d-d06c-000009cdc1c0 
on database directory C:\Users\Renar\Desktop\StudyEngine(java)\dbstudyengine with class loader jdk.internal.loader.ClassLoaders$AppClassLoader@6267c3bb 
Loaded from file:/C:/Users/Renar/Desktop/Derby/lib/derby.jar
java.vendor=Oracle Corporation
java.runtime.version=13.0.1+9
user.dir=C:\Users\Renar\Desktop\StudyEngine(java)
os.name=Windows 10
os.arch=amd64
os.version=10.0
derby.system.home=null
Database Class Loader started - derby.database.classpath=''
----------------------------------------------------------------
Tue Feb 08 11:35:04 MST 2022:
Shutting down instance 72e9c096-017e-da9d-d06c-000009cdc1c0 on database directory C:\Users\Renar\Desktop\StudyEngine(java)\dbstudyengine with class loader jdk.internal.loader.ClassLoaders$AppClassLoader@6267c3bb 
----------------------------------------------------------------
Tue Feb 08 11:35:04 MST 2022:
Booting Derby version The Apache Software Foundation - Apache Derby - 10.15.2.0 - (1873585): instance 341cc09e-017e-da9d-d06c-000009cdc1c0 
on database directory C:\Users\Renar\Desktop\StudyEngine(java)\dbstudyengine with class loader jdk.internal.loader.ClassLoaders$AppClassLoader@6267c3bb 
Loaded from file:/C:/Users/Renar/Desktop/Derby/lib/derby.jar
java.vendor=Oracle Corporation
java.runtime.version=13.0.1+9
user.dir=C:\Users\Renar\Desktop\StudyEngine(java)
os.name=Windows 10
os.arch=amd64
os.version=10.0
derby.system.home=null
Database Class Loader started - derby.database.classpath=''
----------------------------------------------------------------
Tue Feb 08 11:35:04 MST 2022:
Shutting down instance 341cc09e-017e-da9d-d06c-000009cdc1c0 on database directory C:\Users\Renar\Desktop\StudyEngine(java)\dbstudyengine with class loader jdk.internal.loader.ClassLoaders$AppClassLoader@6267c3bb 
----------------------------------------------------------------
Tue Feb 08 11:35:04 MST 2022:
Booting Derby version The Apache Software Foundation - Apache Derby - 10.15.2.0 - (1873585): instance f55fc0a6-017e-da9d-d06c-000009cdc1c0 
on database directory C:\Users\Renar\Desktop\StudyEngine(java)\dbstudyengine with class loader jdk.internal.loader.ClassLoaders$AppClassLoader@6267c3bb 
Loaded from file:/C:/Users/Renar/Desktop/Derby/lib/derby.jar
java.vendor=Oracle Corporation
java.runtime.version=13.0.1+9
user.dir=C:\Users\Renar\Desktop\StudyEngine(java)
os.name=Windows 10
os.arch=amd64
os.version=10.0
derby.system.home=null
Database Class Loader started - derby.database.classpath=''
----------------------------------------------------------------
Tue Feb 08 11:35:05 MST 2022:
Shutting down instance f55fc0a6-017e-da9d-d06c-000009cdc1c0 on database directory C:\Users\Renar\Desktop\StudyEngine(java)\dbstudyengine with class loader jdk.internal.loader.ClassLoaders$AppClassLoader@6267c3bb 
----------------------------------------------------------------
Tue Feb 08 11:35:05 MST 2022:
Booting Derby version The Apache Software Foundation - Apache Derby - 10.15.2.0 - (1873585): instance b6b2c0ae-017e-da9d-d06c-000009cdc1c0 
on database directory C:\Users\Renar\Desktop\StudyEngine(java)\dbstudyengine with class loader jdk.internal.loader.ClassLoaders$AppClassLoader@6267c3bb 
Loaded from file:/C:/Users/Renar/Desktop/Derby/lib/derby.jar
java.vendor=Oracle Corporation
java.runtime.version=13.0.1+9
user.dir=C:\Users\Renar\Desktop\StudyEngine(java)
os.name=Windows 10
os.arch=amd64
os.version=10.0
derby.system.home=null
Database Class Loader started - derby.database.classpath=''
----------------------------------------------------------------
Tue Feb 08 11:35:05 MST 2022:
Shutting down instance b6b2c0ae-017e-da9d-d06c-000009cdc1c0 on database directory C:\Users\Renar\Desktop\StudyEngine(java)\dbstudyengine with class loader jdk.internal.loader.ClassLoaders$AppClassLoader@6267c3bb 
----------------------------------------------------------------
Tue Feb 08 11:35:08 MST 2022:
Booting Derby version The Apache Software Foundation - Apache Derby - 10.15.2.0 - (1873585): instance 7815c0b6-017e-da9d-d06c-000009cdc1c0 
on database directory C:\Users\Renar\Desktop\StudyEngine(java)\dbstudyengine with class loader jdk.internal.loader.ClassLoaders$AppClassLoader@6267c3bb 
Loaded from file:/C:/Users/Renar/Desktop/Derby/lib/derby.jar
java.vendor=Oracle Corporation
java.runtime.version=13.0.1+9
user.dir=C:\Users\Renar\Desktop\StudyEngine(java)
os.name=Windows 10
os.arch=amd64
os.version=10.0
derby.system.home=null
Database Class Loader started - derby.database.classpath=''
----------------------------------------------------------------
Tue Feb 08 11:35:08 MST 2022:
Shutting down instance 7815c0b6-017e-da9d-d06c-000009cdc1c0 on database directory C:\Users\Renar\Desktop\StudyEngine(java)\dbstudyengine with class loader jdk.internal.loader.ClassLoaders$AppClassLoader@6267c3bb 
----------------------------------------------------------------
Tue Feb 08 11:35:08 MST 2022:
Booting Derby version The Apache Software Foundation - Apache Derby - 10.15.2.0 - (1873585): instance 3988c0be-017e-da9d-d06c-000009cdc1c0 
on database directory C:\Users\Renar\Desktop\StudyEngine(java)\dbstudyengine with class loader jdk.internal.loader.ClassLoaders$AppClassLoader@6267c3bb 
Loaded from file:/C:/Users/Renar/Desktop/Derby/lib/derby.jar
java.vendor=Oracle Corporation
java.runtime.version=13.0.1+9
user.dir=C:\Users\Renar\Desktop\StudyEngine(java)
os.name=Windows 10
os.arch=amd64
os.version=10.0
derby.system.home=null
Database Class Loader started - derby.database.classpath=''
----------------------------------------------------------------
Tue Feb 08 11:35:08 MST 2022:
Shutting down instance 3988c0be-017e-da9d-d06c-000009cdc1c0 on database directory C:\Users\Renar\Desktop\StudyEngine(java)\dbstudyengine with class loader jdk.internal.loader.ClassLoaders$AppClassLoader@6267c3bb 
----------------------------------------------------------------
Tue Feb 08 11:35:08 MST 2022:
Booting Derby version The Apache Software Foundation - Apache Derby - 10.15.2.0 - (1873585): instance fb0bc0c6-017e-da9d-d06c-000009cdc1c0 
on database directory C:\Users\Renar\Desktop\StudyEngine(java)\dbstudyengine with class loader jdk.internal.loader.ClassLoaders$AppClassLoader@6267c3bb 
Loaded from file:/C:/Users/Renar/Desktop/Derby/lib/derby.jar
java.vendor=Oracle Corporation
java.runtime.version=13.0.1+9
user.dir=C:\Users\Renar\Desktop\StudyEngine(java)
os.name=Windows 10
os.arch=amd64
os.version=10.0
derby.system.home=null
Database Class Loader started - derby.database.classpath=''
----------------------------------------------------------------
Tue Feb 08 11:35:08 MST 2022:
Shutting down instance fb0bc0c6-017e-da9d-d06c-000009cdc1c0 on database directory C:\Users\Renar\Desktop\StudyEngine(java)\dbstudyengine with class loader jdk.internal.loader.ClassLoaders$AppClassLoader@6267c3bb 
----------------------------------------------------------------
Tue Feb 08 11:35:10 MST 2022:
Booting Derby version The Apache Software Foundation - Apache Derby - 10.15.2.0 - (1873585): instance bc9ec0ce-017e-da9d-d06c-000009cdc1c0 
on database directory C:\Users\Renar\Desktop\StudyEngine(java)\dbstudyengine with class loader jdk.internal.loader.ClassLoaders$AppClassLoader@6267c3bb 
Loaded from file:/C:/Users/Renar/Desktop/Derby/lib/derby.jar
java.vendor=Oracle Corporation
java.runtime.version=13.0.1+9
user.dir=C:\Users\Renar\Desktop\StudyEngine(java)
os.name=Windows 10
os.arch=amd64
os.version=10.0
derby.system.home=null
Database Class Loader started - derby.database.classpath=''
----------------------------------------------------------------
Tue Feb 08 11:35:10 MST 2022:
Shutting down instance bc9ec0ce-017e-da9d-d06c-000009cdc1c0 on database directory C:\Users\Renar\Desktop\StudyEngine(java)\dbstudyengine with class loader jdk.internal.loader.ClassLoaders$AppClassLoader@6267c3bb 
----------------------------------------------------------------
Tue Feb 08 11:35:10 MST 2022:
Booting Derby version The Apache Software Foundation - Apache Derby - 10.15.2.0 - (1873585): instance 7e41c0d6-017e-da9d-d06c-000009cdc1c0 
on database directory C:\Users\Renar\Desktop\StudyEngine(java)\dbstudyengine with class loader jdk.internal.loader.ClassLoaders$AppClassLoader@6267c3bb 
Loaded from file:/C:/Users/Renar/Desktop/Derby/lib/derby.jar
java.vendor=Oracle Corporation
java.runtime.version=13.0.1+9
user.dir=C:\Users\Renar\Desktop\StudyEngine(java)
os.name=Windows 10
os.arch=amd64
os.version=10.0
derby.system.home=null
Database Class Loader started - derby.database.classpath=''
----------------------------------------------------------------
Tue Feb 08 11:35:10 MST 2022:
Shutting down instance 7e41c0d6-017e-da9d-d06c-000009cdc1c0 on database directory C:\Users\Renar\Desktop\StudyEngine(java)\dbstudyengine with class loader jdk.internal.loader.ClassLoaders$AppClassLoader@6267c3bb 
----------------------------------------------------------------
Tue Feb 08 11:35:10 MST 2022:
Booting Derby version The Apache Software Foundation - Apache Derby - 10.15.2.0 - (1873585): instance 3ff4c0de-017e-da9d-d06c-000009cdc1c0 
on database directory C:\Users\Renar\Desktop\StudyEngine(java)\dbstudyengine with class loader jdk.internal.loader.ClassLoaders$AppClassLoader@6267c3bb 
Loaded from file:/C:/Users/Renar/Desktop/Derby/lib/derby.jar
java.vendor=Oracle Corporation
java.runtime.version=13.0.1+9
user.dir=C:\Users\Renar\Desktop\StudyEngine(java)
os.name=Windows 10
os.arch=amd64
os.version=10.0
derby.system.home=null
Database Class Loader started - derby.database.classpath=''
----------------------------------------------------------------
Tue Feb 08 11:35:10 MST 2022:
Shutting down instance 3ff4c0de-017e-da9d-d06c-000009cdc1c0 on database directory C:\Users\Renar\Desktop\StudyEngine(java)\dbstudyengine with class loader jdk.internal.loader.ClassLoaders$AppClassLoader@6267c3bb 
----------------------------------------------------------------
Tue Feb 08 11:35:13 MST 2022:
Booting Derby version The Apache Software Foundation - Apache Derby - 10.15.2.0 - (1873585): instance 01b7c0e6-017e-da9d-d06c-000009cdc1c0 
on database directory C:\Users\Renar\Desktop\StudyEngine(java)\dbstudyengine with class loader jdk.internal.loader.ClassLoaders$AppClassLoader@6267c3bb 
Loaded from file:/C:/Users/Renar/Desktop/Derby/lib/derby.jar
java.vendor=Oracle Corporation
java.runtime.version=13.0.1+9
user.dir=C:\Users\Renar\Desktop\StudyEngine(java)
os.name=Windows 10
os.arch=amd64
os.version=10.0
derby.system.home=null
Database Class Loader started - derby.database.classpath=''
----------------------------------------------------------------
Tue Feb 08 11:35:13 MST 2022:
Shutting down instance 01b7c0e6-017e-da9d-d06c-000009cdc1c0 on database directory C:\Users\Renar\Desktop\StudyEngine(java)\dbstudyengine with class loader jdk.internal.loader.ClassLoaders$AppClassLoader@6267c3bb 
----------------------------------------------------------------
Tue Feb 08 11:35:13 MST 2022:
Booting Derby version The Apache Software Foundation - Apache Derby - 10.15.2.0 - (1873585): instance c38ac0ee-017e-da9d-d06c-000009cdc1c0 
on database directory C:\Users\Renar\Desktop\StudyEngine(java)\dbstudyengine with class loader jdk.internal.loader.ClassLoaders$AppClassLoader@6267c3bb 
Loaded from file:/C:/Users/Renar/Desktop/Derby/lib/derby.jar
java.vendor=Oracle Corporation
java.runtime.version=13.0.1+9
user.dir=C:\Users\Renar\Desktop\StudyEngine(java)
os.name=Windows 10
os.arch=amd64
os.version=10.0
derby.system.home=null
Database Class Loader started - derby.database.classpath=''
----------------------------------------------------------------
Tue Feb 08 11:35:13 MST 2022:
Shutting down instance c38ac0ee-017e-da9d-d06c-000009cdc1c0 on database directory C:\Users\Renar\Desktop\StudyEngine(java)\dbstudyengine with class loader jdk.internal.loader.ClassLoaders$AppClassLoader@6267c3bb 
----------------------------------------------------------------
Tue Feb 08 11:35:13 MST 2022:
Booting Derby version The Apache Software Foundation - Apache Derby - 10.15.2.0 - (1873585): instance 856dc0f6-017e-da9d-d06c-000009cdc1c0 
on database directory C:\Users\Renar\Desktop\StudyEngine(java)\dbstudyengine with class loader jdk.internal.loader.ClassLoaders$AppClassLoader@6267c3bb 
Loaded from file:/C:/Users/Renar/Desktop/Derby/lib/derby.jar
java.vendor=Oracle Corporation
java.runtime.version=13.0.1+9
user.dir=C:\Users\Renar\Desktop\StudyEngine(java)
os.name=Windows 10
os.arch=amd64
os.version=10.0
derby.system.home=null
Database Class Loader started - derby.database.classpath=''
----------------------------------------------------------------
Tue Feb 08 11:35:13 MST 2022:
Shutting down instance 856dc0f6-017e-da9d-d06c-000009cdc1c0 on database directory C:\Users\Renar\Desktop\StudyEngine(java)\dbstudyengine with class loader jdk.internal.loader.ClassLoaders$AppClassLoader@6267c3bb 
----------------------------------------------------------------
Tue Feb 08 11:35:13 MST 2022:
Booting Derby version The Apache Software Foundation - Apache Derby - 10.15.2.0 - (1873585): instance 4760c0fe-017e-da9d-d06c-000009cdc1c0 
on database directory C:\Users\Renar\Desktop\StudyEngine(java)\dbstudyengine with class loader jdk.internal.loader.ClassLoaders$AppClassLoader@6267c3bb 
Loaded from file:/C:/Users/Renar/Desktop/Derby/lib/derby.jar
java.vendor=Oracle Corporation
java.runtime.version=13.0.1+9
user.dir=C:\Users\Renar\Desktop\StudyEngine(java)
os.name=Windows 10
os.arch=amd64
os.version=10.0
derby.system.home=null
Database Class Loader started - derby.database.classpath=''
----------------------------------------------------------------
Tue Feb 08 11:35:13 MST 2022:
Shutting down instance 4760c0fe-017e-da9d-d06c-000009cdc1c0 on database directory C:\Users\Renar\Desktop\StudyEngine(java)\dbstudyengine with class loader jdk.internal.loader.ClassLoaders$AppClassLoader@6267c3bb 
----------------------------------------------------------------
Tue Feb 08 11:35:15 MST 2022:
Booting Derby version The Apache Software Foundation - Apache Derby - 10.15.2.0 - (1873585): instance 0963c106-017e-da9d-d06c-000009cdc1c0 
on database directory C:\Users\Renar\Desktop\StudyEngine(java)\dbstudyengine with class loader jdk.internal.loader.ClassLoaders$AppClassLoader@6267c3bb 
Loaded from file:/C:/Users/Renar/Desktop/Derby/lib/derby.jar
java.vendor=Oracle Corporation
java.runtime.version=13.0.1+9
user.dir=C:\Users\Renar\Desktop\StudyEngine(java)
os.name=Windows 10
os.arch=amd64
os.version=10.0
derby.system.home=null
Database Class Loader started - derby.database.classpath=''
----------------------------------------------------------------
Tue Feb 08 11:35:15 MST 2022:
Shutting down instance 0963c106-017e-da9d-d06c-000009cdc1c0 on database directory C:\Users\Renar\Desktop\StudyEngine(java)\dbstudyengine with class loader jdk.internal.loader.ClassLoaders$AppClassLoader@6267c3bb 
----------------------------------------------------------------
Tue Feb 08 11:35:15 MST 2022:
Booting Derby version The Apache Software Foundation - Apache Derby - 10.15.2.0 - (1873585): instance cb76c10e-017e-da9d-d06c-000009cdc1c0 
on database directory C:\Users\Renar\Desktop\StudyEngine(java)\dbstudyengine with class loader jdk.internal.loader.ClassLoaders$AppClassLoader@6267c3bb 
Loaded from file:/C:/Users/Renar/Desktop/Derby/lib/derby.jar
java.vendor=Oracle Corporation
java.runtime.version=13.0.1+9
user.dir=C:\Users\Renar\Desktop\StudyEngine(java)
os.name=Windows 10
os.arch=amd64
os.version=10.0
derby.system.home=null
Database Class Loader started - derby.database.classpath=''
----------------------------------------------------------------
Tue Feb 08 11:35:15 MST 2022:
Shutting down instance cb76c10e-017e-da9d-d06c-000009cdc1c0 on database directory C:\Users\Renar\Desktop\StudyEngine(java)\dbstudyengine with class loader jdk.internal.loader.ClassLoaders$AppClassLoader@6267c3bb 
----------------------------------------------------------------
Tue Feb 08 11:35:15 MST 2022:
Booting Derby version The Apache Software Foundation - Apache Derby - 10.15.2.0 - (1873585): instance 8d99c116-017e-da9d-d06c-000009cdc1c0 
on database directory C:\Users\Renar\Desktop\StudyEngine(java)\dbstudyengine with class loader jdk.internal.loader.ClassLoaders$AppClassLoader@6267c3bb 
Loaded from file:/C:/Users/Renar/Desktop/Derby/lib/derby.jar
java.vendor=Oracle Corporation
java.runtime.version=13.0.1+9
user.dir=C:\Users\Renar\Desktop\StudyEngine(java)
os.name=Windows 10
os.arch=amd64
os.version=10.0
derby.system.home=null
Database Class Loader started - derby.database.classpath=''
----------------------------------------------------------------
Tue Feb 08 11:35:15 MST 2022:
Shutting down instance 8d99c116-017e-da9d-d06c-000009cdc1c0 on database directory C:\Users\Renar\Desktop\StudyEngine(java)\dbstudyengine with class loader jdk.internal.loader.ClassLoaders$AppClassLoader@6267c3bb 
----------------------------------------------------------------
Tue Feb 08 11:35:19 MST 2022:
Booting Derby version The Apache Software Foundation - Apache Derby - 10.15.2.0 - (1873585): instance 4fccc11e-017e-da9d-d06c-000009cdc1c0 
on database directory C:\Users\Renar\Desktop\StudyEngine(java)\dbstudyengine with class loader jdk.internal.loader.ClassLoaders$AppClassLoader@6267c3bb 
Loaded from file:/C:/Users/Renar/Desktop/Derby/lib/derby.jar
java.vendor=Oracle Corporation
java.runtime.version=13.0.1+9
user.dir=C:\Users\Renar\Desktop\StudyEngine(java)
os.name=Windows 10
os.arch=amd64
os.version=10.0
derby.system.home=null
Database Class Loader started - derby.database.classpath=''
----------------------------------------------------------------
Tue Feb 08 11:35:19 MST 2022:
Shutting down instance 4fccc11e-017e-da9d-d06c-000009cdc1c0 on database directory C:\Users\Renar\Desktop\StudyEngine(java)\dbstudyengine with class loader jdk.internal.loader.ClassLoaders$AppClassLoader@6267c3bb 
----------------------------------------------------------------
Tue Feb 08 11:35:19 MST 2022:
Booting Derby version The Apache Software Foundation - Apache Derby - 10.15.2.0 - (1873585): instance 120fc126-017e-da9d-d06c-000009cdc1c0 
on database directory C:\Users\Renar\Desktop\StudyEngine(java)\dbstudyengine with class loader jdk.internal.loader.ClassLoaders$AppClassLoader@6267c3bb 
Loaded from file:/C:/Users/Renar/Desktop/Derby/lib/derby.jar
java.vendor=Oracle Corporation
java.runtime.version=13.0.1+9
user.dir=C:\Users\Renar\Desktop\StudyEngine(java)
os.name=Windows 10
os.arch=amd64
os.version=10.0
derby.system.home=null
Database Class Loader started - derby.database.classpath=''
----------------------------------------------------------------
Tue Feb 08 11:35:19 MST 2022:
Shutting down instance 120fc126-017e-da9d-d06c-000009cdc1c0 on database directory C:\Users\Renar\Desktop\StudyEngine(java)\dbstudyengine with class loader jdk.internal.loader.ClassLoaders$AppClassLoader@6267c3bb 
----------------------------------------------------------------
Tue Feb 08 11:35:19 MST 2022:
Booting Derby version The Apache Software Foundation - Apache Derby - 10.15.2.0 - (1873585): instance d462c12e-017e-da9d-d06c-000009cdc1c0 
on database directory C:\Users\Renar\Desktop\StudyEngine(java)\dbstudyengine with class loader jdk.internal.loader.ClassLoaders$AppClassLoader@6267c3bb 
Loaded from file:/C:/Users/Renar/Desktop/Derby/lib/derby.jar
java.vendor=Oracle Corporation
java.runtime.version=13.0.1+9
user.dir=C:\Users\Renar\Desktop\StudyEngine(java)
os.name=Windows 10
os.arch=amd64
os.version=10.0
derby.system.home=null
Database Class Loader started - derby.database.classpath=''
----------------------------------------------------------------
Tue Feb 08 11:35:19 MST 2022:
Shutting down instance d462c12e-017e-da9d-d06c-000009cdc1c0 on database directory C:\Users\Renar\Desktop\StudyEngine(java)\dbstudyengine with class loader jdk.internal.loader.ClassLoaders$AppClassLoader@6267c3bb 
----------------------------------------------------------------
Tue Feb 08 11:35:19 MST 2022:
Booting Derby version The Apache Software Foundation - Apache Derby - 10.15.2.0 - (1873585): instance 96c5c136-017e-da9d-d06c-000009cdc1c0 
on database directory C:\Users\Renar\Desktop\StudyEngine(java)\dbstudyengine with class loader jdk.internal.loader.ClassLoaders$AppClassLoader@6267c3bb 
Loaded from file:/C:/Users/Renar/Desktop/Derby/lib/derby.jar
java.vendor=Oracle Corporation
java.runtime.version=13.0.1+9
user.dir=C:\Users\Renar\Desktop\StudyEngine(java)
os.name=Windows 10
os.arch=amd64
os.version=10.0
derby.system.home=null
Database Class Loader started - derby.database.classpath=''
----------------------------------------------------------------
Tue Feb 08 11:35:19 MST 2022:
Shutting down instance 96c5c136-017e-da9d-d06c-000009cdc1c0 on database directory C:\Users\Renar\Desktop\StudyEngine(java)\dbstudyengine with class loader jdk.internal.loader.ClassLoaders$AppClassLoader@6267c3bb 
----------------------------------------------------------------
Tue Feb 08 11:35:31 MST 2022:
Booting Derby version The Apache Software Foundation - Apache Derby - 10.15.2.0 - (1873585): instance 5938c13e-017e-da9d-d06c-000009cdc1c0 
on database directory C:\Users\Renar\Desktop\StudyEngine(java)\dbstudyengine with class loader jdk.internal.loader.ClassLoaders$AppClassLoader@6267c3bb 
Loaded from file:/C:/Users/Renar/Desktop/Derby/lib/derby.jar
java.vendor=Oracle Corporation
java.runtime.version=13.0.1+9
user.dir=C:\Users\Renar\Desktop\StudyEngine(java)
os.name=Windows 10
os.arch=amd64
os.version=10.0
derby.system.home=null
Database Class Loader started - derby.database.classpath=''
----------------------------------------------------------------
Tue Feb 08 11:35:31 MST 2022:
Shutting down instance 5938c13e-017e-da9d-d06c-000009cdc1c0 on database directory C:\Users\Renar\Desktop\StudyEngine(java)\dbstudyengine with class loader jdk.internal.loader.ClassLoaders$AppClassLoader@6267c3bb 
----------------------------------------------------------------
Tue Feb 08 11:35:31 MST 2022:
Booting Derby version The Apache Software Foundation - Apache Derby - 10.15.2.0 - (1873585): instance 1bbbc146-017e-da9d-d06c-000009cdc1c0 
on database directory C:\Users\Renar\Desktop\StudyEngine(java)\dbstudyengine with class loader jdk.internal.loader.ClassLoaders$AppClassLoader@6267c3bb 
Loaded from file:/C:/Users/Renar/Desktop/Derby/lib/derby.jar
java.vendor=Oracle Corporation
java.runtime.version=13.0.1+9
user.dir=C:\Users\Renar\Desktop\StudyEngine(java)
os.name=Windows 10
os.arch=amd64
os.version=10.0
derby.system.home=null
Database Class Loader started - derby.database.classpath=''
----------------------------------------------------------------
Tue Feb 08 11:35:31 MST 2022:
Shutting down instance 1bbbc146-017e-da9d-d06c-000009cdc1c0 on database directory C:\Users\Renar\Desktop\StudyEngine(java)\dbstudyengine with class loader jdk.internal.loader.ClassLoaders$AppClassLoader@6267c3bb 
----------------------------------------------------------------
Tue Feb 08 11:35:31 MST 2022:
Booting Derby version The Apache Software Foundation - Apache Derby - 10.15.2.0 - (1873585): instance de4ec14e-017e-da9d-d06c-000009cdc1c0 
on database directory C:\Users\Renar\Desktop\StudyEngine(java)\dbstudyengine with class loader jdk.internal.loader.ClassLoaders$AppClassLoader@6267c3bb 
Loaded from file:/C:/Users/Renar/Desktop/Derby/lib/derby.jar
java.vendor=Oracle Corporation
java.runtime.version=13.0.1+9
user.dir=C:\Users\Renar\Desktop\StudyEngine(java)
os.name=Windows 10
os.arch=amd64
os.version=10.0
derby.system.home=null
Database Class Loader started - derby.database.classpath=''
----------------------------------------------------------------
Tue Feb 08 11:35:31 MST 2022:
Shutting down instance de4ec14e-017e-da9d-d06c-000009cdc1c0 on database directory C:\Users\Renar\Desktop\StudyEngine(java)\dbstudyengine with class loader jdk.internal.loader.ClassLoaders$AppClassLoader@6267c3bb 
----------------------------------------------------------------
Tue Feb 08 11:35:31 MST 2022:
Booting Derby version The Apache Software Foundation - Apache Derby - 10.15.2.0 - (1873585): instance a0f1c156-017e-da9d-d06c-000009cdc1c0 
on database directory C:\Users\Renar\Desktop\StudyEngine(java)\dbstudyengine with class loader jdk.internal.loader.ClassLoaders$AppClassLoader@6267c3bb 
Loaded from file:/C:/Users/Renar/Desktop/Derby/lib/derby.jar
java.vendor=Oracle Corporation
java.runtime.version=13.0.1+9
user.dir=C:\Users\Renar\Desktop\StudyEngine(java)
os.name=Windows 10
os.arch=amd64
os.version=10.0
derby.system.home=null
Database Class Loader started - derby.database.classpath=''
----------------------------------------------------------------
Tue Feb 08 11:35:31 MST 2022:
Shutting down instance a0f1c156-017e-da9d-d06c-000009cdc1c0 on database directory C:\Users\Renar\Desktop\StudyEngine(java)\dbstudyengine with class loader jdk.internal.loader.ClassLoaders$AppClassLoader@6267c3bb 
